<?xml version="1.0" encoding="UTF-8"?>
<!-- Generated by org.testng.reporters.JUnitXMLReporter -->
<testsuite hostname="DESKTOP-K6J63E8" ignored="0" name="Surefire test" tests="10" failures="3" timestamp="2020-09-19T02:20:05 EDT" time="86.252" errors="0">
  <testcase name="customerServiceDisplay" time="0.057" classname="com.qa.wellsFargo.TestScripts.TestCaseScripts"/>
  <testcase name="verifiedPersonalModule" time="0.033" classname="com.qa.wellsFargo.TestScripts.TestCaseScripts">
    <failure type="junit.framework.ComparisonFailure" message="expected:&amp;lt;[]Personal&amp;gt; but was:&amp;lt;[selected
]Personal&amp;gt;">
      <![CDATA[junit.framework.ComparisonFailure: expected:<[]Personal> but was:<[selected
]Personal>
at junit.framework.Assert.assertEquals(Assert.java:100)
at junit.framework.Assert.assertEquals(Assert.java:107)
at com.qa.wellsFargo.TestScripts.TestCaseScripts.verifiedPersonalModule(TestCaseScripts.java:35)
at java.util.ArrayList.forEach(ArrayList.java:1257)
... Removed 31 stack frames]]>
    </failure>
  </testcase> <!-- verifiedPersonalModule -->
  <testcase name="verifiedSmallBusinessModule" time="0.038" classname="com.qa.wellsFargo.TestScripts.TestCaseScripts"/>
  <testcase name="verifiedCommericalModule" time="0.032" classname="com.qa.wellsFargo.TestScripts.TestCaseScripts"/>
  <testcase name="verifiedFinancialEduModule" time="0.034" classname="com.qa.wellsFargo.TestScripts.TestCaseScripts"/>
  <testcase name="verifiedAbutWellsModule" time="0.027" classname="com.qa.wellsFargo.TestScripts.TestCaseScripts"/>
  <testcase name="verifiedPersonalClickAbleModule" time="0.266" classname="com.qa.wellsFargo.TestScripts.TestCaseScripts"/>
  <testcase name="verifiedBankingAndCreditFeature" time="2.408" classname="com.qa.wellsFargo.TestScripts.TestCaseScripts">
    <failure type="junit.framework.ComparisonFailure" message="expected:&amp;lt;Credit Card[]&amp;gt; but was:&amp;lt;Credit Card[s]&amp;gt;">
      <![CDATA[junit.framework.ComparisonFailure: expected:<Credit Card[]> but was:<Credit Card[s]>
at junit.framework.Assert.assertEquals(Assert.java:100)
at junit.framework.Assert.assertEquals(Assert.java:107)
at com.qa.wellsFargo.TestScripts.TestCaseScripts.verifiedBankingAndCreditFeature(TestCaseScripts.java:91)
at java.util.ArrayList.forEach(ArrayList.java:1257)
... Removed 31 stack frames]]>
    </failure>
  </testcase> <!-- verifiedBankingAndCreditFeature -->
  <testcase name="verifiedIndustryExpertiseLink" time="0.835" classname="com.qa.wellsFargo.TestScripts.TestCaseScripts"/>
  <testcase name="aboutWellsFargoHomepage" time="1.59" classname="com.qa.wellsFargo.TestScripts.TestCaseScripts">
    <failure type="junit.framework.ComparisonFailure" message="expected:&amp;lt;[a]bout Wells Fargo&amp;gt; but was:&amp;lt;[A]bout Wells Fargo&amp;gt;">
      <![CDATA[junit.framework.ComparisonFailure: expected:<[a]bout Wells Fargo> but was:<[A]bout Wells Fargo>
at junit.framework.Assert.assertEquals(Assert.java:100)
at junit.framework.Assert.assertEquals(Assert.java:107)
at com.qa.wellsFargo.TestScripts.TestCaseScripts.aboutWellsFargoHomepage(TestCaseScripts.java:123)
at java.util.ArrayList.forEach(ArrayList.java:1257)
... Removed 31 stack frames]]>
    </failure>
  </testcase> <!-- aboutWellsFargoHomepage -->
</testsuite> <!-- Surefire test -->
